[debug] [2021-04-17T06:23:27.838Z] ----------------------------------------------------------------------
[debug] [2021-04-17T06:23:27.840Z] Command:       C:\Program Files\nodejs\node.exe C:\Users\Sylvia\AppData\Roaming\npm\node_modules\firebase-tools\lib\bin\firebase.js emulators:start --only functions
[debug] [2021-04-17T06:23:27.840Z] CLI Version:   9.10.0
[debug] [2021-04-17T06:23:27.840Z] Platform:      win32
[debug] [2021-04-17T06:23:27.840Z] Node Version:  v14.16.0
[debug] [2021-04-17T06:23:27.841Z] Time:          Sat Apr 17 2021 09:23:27 GMT+0300 (Eastern European Summer Time)
[debug] [2021-04-17T06:23:27.842Z] ----------------------------------------------------------------------
[debug] 
[debug] [2021-04-17T06:23:27.851Z] > command requires scopes: ["email","openid","https://www.googleapis.com/auth/cloudplatformprojects.readonly","https://www.googleapis.com/auth/firebase","https://www.googleapis.com/auth/cloud-platform"]
[debug] [2021-04-17T06:23:27.851Z] > authorizing via signed-in user (sylviapetrova97@gmail.com)
[info] i  emulators: Starting emulators: functions {"metadata":{"emulator":{"name":"hub"},"message":"Starting emulators: functions"}}
[debug] [2021-04-17T06:23:27.876Z] [hub] writing locator at C:\Users\Sylvia\AppData\Local\Temp\hub-ecommerce-8713f.json
[warn] !  functions: The following emulators are not running, calls to these services from the Functions emulator will affect production: auth, firestore, database, hosting, pubsub {"metadata":{"emulator":{"name":"functions"},"message":"The following emulators are not running, calls to these services from the Functions emulator will affect production: \u001b[1mauth, firestore, database, hosting, pubsub\u001b[22m"}}
[warn] !  Your requested "node" version "12" doesn't match your global version "14" {"metadata":{"emulator":{"name":"functions"},"message":"Your requested \"node\" version \"12\" doesn't match your global version \"14\""}}
[debug] [2021-04-17T06:23:27.898Z] defaultcredentials: writing to file C:\Users\Sylvia\AppData\Roaming\firebase\sylviapetrova97_gmail_com_application_default_credentials.json
[debug] [2021-04-17T06:23:27.899Z] Setting GAC to C:\Users\Sylvia\AppData\Roaming\firebase\sylviapetrova97_gmail_com_application_default_credentials.json {"metadata":{"emulator":{"name":"functions"},"message":"Setting GAC to C:\\Users\\Sylvia\\AppData\\Roaming\\firebase\\sylviapetrova97_gmail_com_application_default_credentials.json"}}
[debug] [2021-04-17T06:23:27.901Z] > refreshing access token with scopes: []
[debug] [2021-04-17T06:23:27.901Z] >>> HTTP REQUEST POST https://www.googleapis.com/oauth2/v3/token  
 <request body omitted>
[debug] [2021-04-17T06:23:28.060Z] <<< HTTP RESPONSE 200 {"expires":"Mon, 01 Jan 1990 00:00:00 GMT","cache-control":"no-cache, no-store, max-age=0, must-revalidate","date":"Sat, 17 Apr 2021 06:23:27 GMT","pragma":"no-cache","content-type":"application/json; charset=utf-8","vary":"X-Origin, Referer, Origin,Accept-Encoding","server":"scaffolding on HTTPServer2","x-xss-protection":"0","x-frame-options":"SAMEORIGIN","x-content-type-options":"nosniff","alt-svc":"h3-29=\":443\"; ma=2592000,h3-T051=\":443\"; ma=2592000,h3-Q050=\":443\"; ma=2592000,h3-Q046=\":443\"; ma=2592000,h3-Q043=\":443\"; ma=2592000,quic=\":443\"; ma=2592000; v=\"46,43\"","accept-ranges":"none","transfer-encoding":"chunked"}
[debug] [2021-04-17T06:23:28.073Z] >>> [apiv2][query] GET https://firebase.googleapis.com/v1beta1/projects/ecommerce-8713f/adminSdkConfig [none]
[debug] [2021-04-17T06:23:28.500Z] <<< [apiv2][status] GET https://firebase.googleapis.com/v1beta1/projects/ecommerce-8713f/adminSdkConfig 200
[debug] [2021-04-17T06:23:28.500Z] <<< [apiv2][body] GET https://firebase.googleapis.com/v1beta1/projects/ecommerce-8713f/adminSdkConfig {"projectId":"ecommerce-8713f","storageBucket":"ecommerce-8713f.appspot.com","locationId":"europe-west"}
[debug] [2021-04-17T06:23:28.517Z] Ignoring unsupported arg: auto_download {"metadata":{"emulator":{"name":"ui"},"message":"Ignoring unsupported arg: auto_download"}}
[debug] [2021-04-17T06:23:28.517Z] Ignoring unsupported arg: port {"metadata":{"emulator":{"name":"ui"},"message":"Ignoring unsupported arg: port"}}
[debug] [2021-04-17T06:23:28.517Z] Starting Emulator UI with command {"binary":"node","args":["C:\\Users\\Sylvia\\.cache\\firebase\\emulators\\ui-v1.4.2\\server.bundle.js"],"optionalArgs":[],"joinArgs":false} {"metadata":{"emulator":{"name":"ui"},"message":"Starting Emulator UI with command {\"binary\":\"node\",\"args\":[\"C:\\\\Users\\\\Sylvia\\\\.cache\\\\firebase\\\\emulators\\\\ui-v1.4.2\\\\server.bundle.js\"],\"optionalArgs\":[],\"joinArgs\":false}"}}
[info] i  ui: Emulator UI logging to ui-debug.log {"metadata":{"emulator":{"name":"ui"},"message":"Emulator UI logging to \u001b[1mui-debug.log\u001b[22m"}}
[debug] [2021-04-17T06:23:28.636Z] Web / API server started at http://localhost:4000
 {"metadata":{"emulator":{"name":"ui"},"message":"Web / API server started at http://localhost:4000\n"}}
[info] i  functions: Watching "C:\Users\Sylvia\Desktop\MERNG\merng\functions" for Cloud Functions... {"metadata":{"emulator":{"name":"functions"},"message":"Watching \"C:\\Users\\Sylvia\\Desktop\\MERNG\\merng\\functions\" for Cloud Functions..."}}
[debug] [2021-04-17T06:23:28.795Z] [worker-pool] addWorker(~diagnostic~) {"metadata":{"emulator":{"name":"functions"},"message":"[worker-pool] addWorker(~diagnostic~)"}}
[debug] [2021-04-17T06:23:28.796Z] [worker-pool] Adding worker with key ~diagnostic~, total=1 {"metadata":{"emulator":{"name":"functions"},"message":"[worker-pool] Adding worker with key ~diagnostic~, total=1"}}
[debug] [2021-04-17T06:23:28.796Z] [worker-pool] submitWork(triggerId=) {"metadata":{"emulator":{"name":"functions"},"message":"[worker-pool] submitWork(triggerId=)"}}
[debug] [2021-04-17T06:23:28.796Z] [worker-~diagnostic~-0c030539-f3fb-42f6-a628-583e928ecbb2]: Assigning socketPath: \\?\pipe\C:\Users\Sylvia\Desktop\MERNG\merng\functions\19580 {"metadata":{"emulator":{"name":"functions"},"message":"[worker-~diagnostic~-0c030539-f3fb-42f6-a628-583e928ecbb2]: Assigning socketPath: \\\\?\\pipe\\C:\\Users\\Sylvia\\Desktop\\MERNG\\merng\\functions\\19580"}}
[debug] [2021-04-17T06:23:28.796Z] [worker-~diagnostic~-0c030539-f3fb-42f6-a628-583e928ecbb2]: BUSY {"metadata":{"emulator":{"name":"functions"},"message":"[worker-~diagnostic~-0c030539-f3fb-42f6-a628-583e928ecbb2]: BUSY"}}
[debug] [2021-04-17T06:23:29.005Z] [runtime-status] [19580] Functions runtime initialized. {"cwd":"C:\\Users\\Sylvia\\Desktop\\MERNG\\merng\\functions","node_version":"14.16.0"} {"metadata":{"emulator":{"name":"functions"},"message":"[runtime-status] [19580] Functions runtime initialized. {\"cwd\":\"C:\\\\Users\\\\Sylvia\\\\Desktop\\\\MERNG\\\\merng\\\\functions\",\"node_version\":\"14.16.0\"}"}}
[debug] [2021-04-17T06:23:29.005Z] [runtime-status] [19580] Disabled runtime features: undefined {"metadata":{"emulator":{"name":"functions"},"message":"[runtime-status] [19580] Disabled runtime features: undefined"}}
[debug] [2021-04-17T06:23:29.007Z] [runtime-status] [19580] Resolved module firebase-admin {"declared":true,"installed":true,"version":"9.6.0","resolution":"C:\\Users\\Sylvia\\Desktop\\MERNG\\merng\\functions\\node_modules\\firebase-admin\\lib\\index.js"} {"metadata":{"emulator":{"name":"functions"},"message":"[runtime-status] [19580] Resolved module firebase-admin {\"declared\":true,\"installed\":true,\"version\":\"9.6.0\",\"resolution\":\"C:\\\\Users\\\\Sylvia\\\\Desktop\\\\MERNG\\\\merng\\\\functions\\\\node_modules\\\\firebase-admin\\\\lib\\\\index.js\"}"}}
[debug] [2021-04-17T06:23:29.009Z] [runtime-status] [19580] Resolved module firebase-functions {"declared":true,"installed":true,"version":"3.13.2","resolution":"C:\\Users\\Sylvia\\Desktop\\MERNG\\merng\\functions\\node_modules\\firebase-functions\\lib\\index.js"} {"metadata":{"emulator":{"name":"functions"},"message":"[runtime-status] [19580] Resolved module firebase-functions {\"declared\":true,\"installed\":true,\"version\":\"3.13.2\",\"resolution\":\"C:\\\\Users\\\\Sylvia\\\\Desktop\\\\MERNG\\\\merng\\\\functions\\\\node_modules\\\\firebase-functions\\\\lib\\\\index.js\"}"}}
[debug] [2021-04-17T06:23:29.011Z] [runtime-status] [19580] Resolved module firebase-functions {"declared":true,"installed":true,"version":"3.13.2","resolution":"C:\\Users\\Sylvia\\Desktop\\MERNG\\merng\\functions\\node_modules\\firebase-functions\\lib\\index.js"} {"metadata":{"emulator":{"name":"functions"},"message":"[runtime-status] [19580] Resolved module firebase-functions {\"declared\":true,\"installed\":true,\"version\":\"3.13.2\",\"resolution\":\"C:\\\\Users\\\\Sylvia\\\\Desktop\\\\MERNG\\\\merng\\\\functions\\\\node_modules\\\\firebase-functions\\\\lib\\\\index.js\"}"}}
[debug] [2021-04-17T06:23:29.012Z] [runtime-status] [19580] Outgoing network have been stubbed. [{"name":"http","status":"mocked"},{"name":"http","status":"mocked"},{"name":"https","status":"mocked"},{"name":"https","status":"mocked"},{"name":"net","status":"mocked"}] {"metadata":{"emulator":{"name":"functions"},"message":"[runtime-status] [19580] Outgoing network have been stubbed. [{\"name\":\"http\",\"status\":\"mocked\"},{\"name\":\"http\",\"status\":\"mocked\"},{\"name\":\"https\",\"status\":\"mocked\"},{\"name\":\"https\",\"status\":\"mocked\"},{\"name\":\"net\",\"status\":\"mocked\"}]"}}
[debug] [2021-04-17T06:23:29.012Z] [runtime-status] [19580] Resolved module firebase-functions {"declared":true,"installed":true,"version":"3.13.2","resolution":"C:\\Users\\Sylvia\\Desktop\\MERNG\\merng\\functions\\node_modules\\firebase-functions\\lib\\index.js"} {"metadata":{"emulator":{"name":"functions"},"message":"[runtime-status] [19580] Resolved module firebase-functions {\"declared\":true,\"installed\":true,\"version\":\"3.13.2\",\"resolution\":\"C:\\\\Users\\\\Sylvia\\\\Desktop\\\\MERNG\\\\merng\\\\functions\\\\node_modules\\\\firebase-functions\\\\lib\\\\index.js\"}"}}
[debug] [2021-04-17T06:23:29.054Z] [runtime-status] [19580] Checked functions.config() {"config":{}} {"metadata":{"emulator":{"name":"functions"},"message":"[runtime-status] [19580] Checked functions.config() {\"config\":{}}"}}
[debug] [2021-04-17T06:23:29.054Z] [runtime-status] [19580] firebase-functions has been stubbed. {"functionsResolution":{"declared":true,"installed":true,"version":"3.13.2","resolution":"C:\\Users\\Sylvia\\Desktop\\MERNG\\merng\\functions\\node_modules\\firebase-functions\\lib\\index.js"}} {"metadata":{"emulator":{"name":"functions"},"message":"[runtime-status] [19580] firebase-functions has been stubbed. {\"functionsResolution\":{\"declared\":true,\"installed\":true,\"version\":\"3.13.2\",\"resolution\":\"C:\\\\Users\\\\Sylvia\\\\Desktop\\\\MERNG\\\\merng\\\\functions\\\\node_modules\\\\firebase-functions\\\\lib\\\\index.js\"}}"}}
[debug] [2021-04-17T06:23:29.055Z] [runtime-status] [19580] Resolved module firebase-functions {"declared":true,"installed":true,"version":"3.13.2","resolution":"C:\\Users\\Sylvia\\Desktop\\MERNG\\merng\\functions\\node_modules\\firebase-functions\\lib\\index.js"} {"metadata":{"emulator":{"name":"functions"},"message":"[runtime-status] [19580] Resolved module firebase-functions {\"declared\":true,\"installed\":true,\"version\":\"3.13.2\",\"resolution\":\"C:\\\\Users\\\\Sylvia\\\\Desktop\\\\MERNG\\\\merng\\\\functions\\\\node_modules\\\\firebase-functions\\\\lib\\\\index.js\"}"}}
[debug] [2021-04-17T06:23:29.055Z] [runtime-status] [19580] Resolved module firebase-admin {"declared":true,"installed":true,"version":"9.6.0","resolution":"C:\\Users\\Sylvia\\Desktop\\MERNG\\merng\\functions\\node_modules\\firebase-admin\\lib\\index.js"} {"metadata":{"emulator":{"name":"functions"},"message":"[runtime-status] [19580] Resolved module firebase-admin {\"declared\":true,\"installed\":true,\"version\":\"9.6.0\",\"resolution\":\"C:\\\\Users\\\\Sylvia\\\\Desktop\\\\MERNG\\\\merng\\\\functions\\\\node_modules\\\\firebase-admin\\\\lib\\\\index.js\"}"}}
[debug] [2021-04-17T06:23:29.056Z] [runtime-status] [19580] Resolved module firebase-functions {"declared":true,"installed":true,"version":"3.13.2","resolution":"C:\\Users\\Sylvia\\Desktop\\MERNG\\merng\\functions\\node_modules\\firebase-functions\\lib\\index.js"} {"metadata":{"emulator":{"name":"functions"},"message":"[runtime-status] [19580] Resolved module firebase-functions {\"declared\":true,\"installed\":true,\"version\":\"3.13.2\",\"resolution\":\"C:\\\\Users\\\\Sylvia\\\\Desktop\\\\MERNG\\\\merng\\\\functions\\\\node_modules\\\\firebase-functions\\\\lib\\\\index.js\"}"}}
[debug] [2021-04-17T06:23:29.056Z] [runtime-status] [19580] firebase-admin has been stubbed. {"adminResolution":{"declared":true,"installed":true,"version":"9.6.0","resolution":"C:\\Users\\Sylvia\\Desktop\\MERNG\\merng\\functions\\node_modules\\firebase-admin\\lib\\index.js"}} {"metadata":{"emulator":{"name":"functions"},"message":"[runtime-status] [19580] firebase-admin has been stubbed. {\"adminResolution\":{\"declared\":true,\"installed\":true,\"version\":\"9.6.0\",\"resolution\":\"C:\\\\Users\\\\Sylvia\\\\Desktop\\\\MERNG\\\\merng\\\\functions\\\\node_modules\\\\firebase-admin\\\\lib\\\\index.js\"}}"}}
[info] +  functions[api]: http function initialized (http://localhost:5001/ecommerce-8713f/us-central1/api). {"metadata":{"emulator":{"name":"functions"},"message":"\u001b[1mhttp\u001b[22m function initialized (http://localhost:5001/ecommerce-8713f/us-central1/api)."}}
[info] 
┌─────────────────────────────────────────────────────────────┐
│ ✔  All emulators ready! It is now safe to connect your app. │
│ i  View Emulator UI at http://localhost:4000                │
└─────────────────────────────────────────────────────────────┘

┌───────────┬────────────────┬─────────────────────────────────┐
│ Emulator  │ Host:Port      │ View in Emulator UI             │
├───────────┼────────────────┼─────────────────────────────────┤
│ Functions │ localhost:5001 │ http://localhost:4000/functions │
└───────────┴────────────────┴─────────────────────────────────┘
  Emulator Hub running at localhost:4400
  Other reserved ports: 4500

Issues? Report them at https://github.com/firebase/firebase-tools/issues and attach the *-debug.log files.
 
[debug] [2021-04-17T06:23:29.214Z] [worker-~diagnostic~-0c030539-f3fb-42f6-a628-583e928ecbb2]: IDLE {"metadata":{"emulator":{"name":"functions"},"message":"[worker-~diagnostic~-0c030539-f3fb-42f6-a628-583e928ecbb2]: IDLE"}}
[debug] [2021-04-17T06:28:09.992Z] File C:\Users\Sylvia\Desktop\MERNG\merng\functions\index.js changed, reloading triggers {"metadata":{"emulator":{"name":"functions"},"message":"File C:\\Users\\Sylvia\\Desktop\\MERNG\\merng\\functions\\index.js changed, reloading triggers"}}
[debug] [2021-04-17T06:28:11.007Z] [worker-pool] Shutting down IDLE worker (~diagnostic~) {"metadata":{"emulator":{"name":"functions"},"message":"[worker-pool] Shutting down IDLE worker (~diagnostic~)"}}
[debug] [2021-04-17T06:28:11.007Z] [worker-~diagnostic~-0c030539-f3fb-42f6-a628-583e928ecbb2]: FINISHING {"metadata":{"emulator":{"name":"functions"},"message":"[worker-~diagnostic~-0c030539-f3fb-42f6-a628-583e928ecbb2]: FINISHING"}}
[debug] [2021-04-17T06:28:11.015Z] [worker-pool] addWorker(~diagnostic~) {"metadata":{"emulator":{"name":"functions"},"message":"[worker-pool] addWorker(~diagnostic~)"}}
[debug] [2021-04-17T06:28:11.016Z] [worker-pool] Adding worker with key ~diagnostic~, total=2 {"metadata":{"emulator":{"name":"functions"},"message":"[worker-pool] Adding worker with key ~diagnostic~, total=2"}}
[debug] [2021-04-17T06:28:11.016Z] [worker-pool] submitWork(triggerId=) {"metadata":{"emulator":{"name":"functions"},"message":"[worker-pool] submitWork(triggerId=)"}}
[debug] [2021-04-17T06:28:11.016Z] [worker-~diagnostic~-dc823ec8-ceb0-4631-af9b-9e1d897342ed]: Assigning socketPath: \\?\pipe\C:\Users\Sylvia\Desktop\MERNG\merng\functions\12636 {"metadata":{"emulator":{"name":"functions"},"message":"[worker-~diagnostic~-dc823ec8-ceb0-4631-af9b-9e1d897342ed]: Assigning socketPath: \\\\?\\pipe\\C:\\Users\\Sylvia\\Desktop\\MERNG\\merng\\functions\\12636"}}
[debug] [2021-04-17T06:28:11.016Z] [worker-~diagnostic~-dc823ec8-ceb0-4631-af9b-9e1d897342ed]: BUSY {"metadata":{"emulator":{"name":"functions"},"message":"[worker-~diagnostic~-dc823ec8-ceb0-4631-af9b-9e1d897342ed]: BUSY"}}
[debug] [2021-04-17T06:28:11.018Z] [worker-~diagnostic~-0c030539-f3fb-42f6-a628-583e928ecbb2]: exited {"metadata":{"emulator":{"name":"functions"},"message":"[worker-~diagnostic~-0c030539-f3fb-42f6-a628-583e928ecbb2]: exited"}}
[debug] [2021-04-17T06:28:11.018Z] [worker-~diagnostic~-0c030539-f3fb-42f6-a628-583e928ecbb2]: FINISHED {"metadata":{"emulator":{"name":"functions"},"message":"[worker-~diagnostic~-0c030539-f3fb-42f6-a628-583e928ecbb2]: FINISHED"}}
[debug] [2021-04-17T06:28:11.256Z] [runtime-status] [12636] Functions runtime initialized. {"cwd":"C:\\Users\\Sylvia\\Desktop\\MERNG\\merng\\functions","node_version":"14.16.0"} {"metadata":{"emulator":{"name":"functions"},"message":"[runtime-status] [12636] Functions runtime initialized. {\"cwd\":\"C:\\\\Users\\\\Sylvia\\\\Desktop\\\\MERNG\\\\merng\\\\functions\",\"node_version\":\"14.16.0\"}"}}
[debug] [2021-04-17T06:28:11.257Z] [runtime-status] [12636] Disabled runtime features: undefined {"metadata":{"emulator":{"name":"functions"},"message":"[runtime-status] [12636] Disabled runtime features: undefined"}}
[debug] [2021-04-17T06:28:11.261Z] [runtime-status] [12636] Resolved module firebase-admin {"declared":true,"installed":true,"version":"9.6.0","resolution":"C:\\Users\\Sylvia\\Desktop\\MERNG\\merng\\functions\\node_modules\\firebase-admin\\lib\\index.js"} {"metadata":{"emulator":{"name":"functions"},"message":"[runtime-status] [12636] Resolved module firebase-admin {\"declared\":true,\"installed\":true,\"version\":\"9.6.0\",\"resolution\":\"C:\\\\Users\\\\Sylvia\\\\Desktop\\\\MERNG\\\\merng\\\\functions\\\\node_modules\\\\firebase-admin\\\\lib\\\\index.js\"}"}}
[debug] [2021-04-17T06:28:11.263Z] [runtime-status] [12636] Resolved module firebase-functions {"declared":true,"installed":true,"version":"3.13.2","resolution":"C:\\Users\\Sylvia\\Desktop\\MERNG\\merng\\functions\\node_modules\\firebase-functions\\lib\\index.js"} {"metadata":{"emulator":{"name":"functions"},"message":"[runtime-status] [12636] Resolved module firebase-functions {\"declared\":true,\"installed\":true,\"version\":\"3.13.2\",\"resolution\":\"C:\\\\Users\\\\Sylvia\\\\Desktop\\\\MERNG\\\\merng\\\\functions\\\\node_modules\\\\firebase-functions\\\\lib\\\\index.js\"}"}}
[debug] [2021-04-17T06:28:11.266Z] [runtime-status] [12636] Resolved module firebase-functions {"declared":true,"installed":true,"version":"3.13.2","resolution":"C:\\Users\\Sylvia\\Desktop\\MERNG\\merng\\functions\\node_modules\\firebase-functions\\lib\\index.js"} {"metadata":{"emulator":{"name":"functions"},"message":"[runtime-status] [12636] Resolved module firebase-functions {\"declared\":true,\"installed\":true,\"version\":\"3.13.2\",\"resolution\":\"C:\\\\Users\\\\Sylvia\\\\Desktop\\\\MERNG\\\\merng\\\\functions\\\\node_modules\\\\firebase-functions\\\\lib\\\\index.js\"}"}}
[debug] [2021-04-17T06:28:11.268Z] [runtime-status] [12636] Outgoing network have been stubbed. [{"name":"http","status":"mocked"},{"name":"http","status":"mocked"},{"name":"https","status":"mocked"},{"name":"https","status":"mocked"},{"name":"net","status":"mocked"}] {"metadata":{"emulator":{"name":"functions"},"message":"[runtime-status] [12636] Outgoing network have been stubbed. [{\"name\":\"http\",\"status\":\"mocked\"},{\"name\":\"http\",\"status\":\"mocked\"},{\"name\":\"https\",\"status\":\"mocked\"},{\"name\":\"https\",\"status\":\"mocked\"},{\"name\":\"net\",\"status\":\"mocked\"}]"}}
[debug] [2021-04-17T06:28:11.269Z] [runtime-status] [12636] Resolved module firebase-functions {"declared":true,"installed":true,"version":"3.13.2","resolution":"C:\\Users\\Sylvia\\Desktop\\MERNG\\merng\\functions\\node_modules\\firebase-functions\\lib\\index.js"} {"metadata":{"emulator":{"name":"functions"},"message":"[runtime-status] [12636] Resolved module firebase-functions {\"declared\":true,\"installed\":true,\"version\":\"3.13.2\",\"resolution\":\"C:\\\\Users\\\\Sylvia\\\\Desktop\\\\MERNG\\\\merng\\\\functions\\\\node_modules\\\\firebase-functions\\\\lib\\\\index.js\"}"}}
[debug] [2021-04-17T06:28:11.325Z] [runtime-status] [12636] Checked functions.config() {"config":{}} {"metadata":{"emulator":{"name":"functions"},"message":"[runtime-status] [12636] Checked functions.config() {\"config\":{}}"}}
[debug] [2021-04-17T06:28:11.325Z] [runtime-status] [12636] firebase-functions has been stubbed. {"functionsResolution":{"declared":true,"installed":true,"version":"3.13.2","resolution":"C:\\Users\\Sylvia\\Desktop\\MERNG\\merng\\functions\\node_modules\\firebase-functions\\lib\\index.js"}} {"metadata":{"emulator":{"name":"functions"},"message":"[runtime-status] [12636] firebase-functions has been stubbed. {\"functionsResolution\":{\"declared\":true,\"installed\":true,\"version\":\"3.13.2\",\"resolution\":\"C:\\\\Users\\\\Sylvia\\\\Desktop\\\\MERNG\\\\merng\\\\functions\\\\node_modules\\\\firebase-functions\\\\lib\\\\index.js\"}}"}}
[debug] [2021-04-17T06:28:11.325Z] [runtime-status] [12636] Resolved module firebase-functions {"declared":true,"installed":true,"version":"3.13.2","resolution":"C:\\Users\\Sylvia\\Desktop\\MERNG\\merng\\functions\\node_modules\\firebase-functions\\lib\\index.js"} {"metadata":{"emulator":{"name":"functions"},"message":"[runtime-status] [12636] Resolved module firebase-functions {\"declared\":true,\"installed\":true,\"version\":\"3.13.2\",\"resolution\":\"C:\\\\Users\\\\Sylvia\\\\Desktop\\\\MERNG\\\\merng\\\\functions\\\\node_modules\\\\firebase-functions\\\\lib\\\\index.js\"}"}}
[debug] [2021-04-17T06:28:11.326Z] [runtime-status] [12636] Resolved module firebase-admin {"declared":true,"installed":true,"version":"9.6.0","resolution":"C:\\Users\\Sylvia\\Desktop\\MERNG\\merng\\functions\\node_modules\\firebase-admin\\lib\\index.js"} {"metadata":{"emulator":{"name":"functions"},"message":"[runtime-status] [12636] Resolved module firebase-admin {\"declared\":true,\"installed\":true,\"version\":\"9.6.0\",\"resolution\":\"C:\\\\Users\\\\Sylvia\\\\Desktop\\\\MERNG\\\\merng\\\\functions\\\\node_modules\\\\firebase-admin\\\\lib\\\\index.js\"}"}}
[debug] [2021-04-17T06:28:11.327Z] [runtime-status] [12636] Resolved module firebase-functions {"declared":true,"installed":true,"version":"3.13.2","resolution":"C:\\Users\\Sylvia\\Desktop\\MERNG\\merng\\functions\\node_modules\\firebase-functions\\lib\\index.js"} {"metadata":{"emulator":{"name":"functions"},"message":"[runtime-status] [12636] Resolved module firebase-functions {\"declared\":true,\"installed\":true,\"version\":\"3.13.2\",\"resolution\":\"C:\\\\Users\\\\Sylvia\\\\Desktop\\\\MERNG\\\\merng\\\\functions\\\\node_modules\\\\firebase-functions\\\\lib\\\\index.js\"}"}}
[debug] [2021-04-17T06:28:11.327Z] [runtime-status] [12636] firebase-admin has been stubbed. {"adminResolution":{"declared":true,"installed":true,"version":"9.6.0","resolution":"C:\\Users\\Sylvia\\Desktop\\MERNG\\merng\\functions\\node_modules\\firebase-admin\\lib\\index.js"}} {"metadata":{"emulator":{"name":"functions"},"message":"[runtime-status] [12636] firebase-admin has been stubbed. {\"adminResolution\":{\"declared\":true,\"installed\":true,\"version\":\"9.6.0\",\"resolution\":\"C:\\\\Users\\\\Sylvia\\\\Desktop\\\\MERNG\\\\merng\\\\functions\\\\node_modules\\\\firebase-admin\\\\lib\\\\index.js\"}}"}}
[debug] [2021-04-17T06:28:11.488Z] [worker-~diagnostic~-dc823ec8-ceb0-4631-af9b-9e1d897342ed]: IDLE {"metadata":{"emulator":{"name":"functions"},"message":"[worker-~diagnostic~-dc823ec8-ceb0-4631-af9b-9e1d897342ed]: IDLE"}}
[debug] [2021-04-17T06:31:21.219Z] [work-queue] {"queueLength":1,"workRunningCount":0}
[debug] [2021-04-17T06:31:21.220Z] [work-queue] {"queueLength":0,"workRunningCount":1}
[debug] [2021-04-17T06:31:21.220Z] Accepted request OPTIONS /ecommerce-8713f/us-central1/api/payments/create --> api
[debug] [2021-04-17T06:31:21.221Z] [worker-pool] Cleaned up workers for ~diagnostic~: 2 --> 1 {"metadata":{"emulator":{"name":"functions"},"message":"[worker-pool] Cleaned up workers for ~diagnostic~: 2 --> 1"}}
[debug] [2021-04-17T06:31:21.235Z] [worker-pool] addWorker(api) {"metadata":{"emulator":{"name":"functions"},"message":"[worker-pool] addWorker(api)"}}
[debug] [2021-04-17T06:31:21.235Z] [worker-pool] Adding worker with key api, total=1 {"metadata":{"emulator":{"name":"functions"},"message":"[worker-pool] Adding worker with key api, total=1"}}
[debug] [2021-04-17T06:31:21.235Z] [worker-pool] submitWork(triggerId=api) {"metadata":{"emulator":{"name":"functions"},"message":"[worker-pool] submitWork(triggerId=api)"}}
[debug] [2021-04-17T06:31:21.236Z] [worker-api-503c4d8e-3053-4561-83ba-1d287619def7]: Assigning socketPath: \\?\pipe\C:\Users\Sylvia\Desktop\MERNG\merng\functions\132 {"metadata":{"emulator":{"name":"functions"},"message":"[worker-api-503c4d8e-3053-4561-83ba-1d287619def7]: Assigning socketPath: \\\\?\\pipe\\C:\\Users\\Sylvia\\Desktop\\MERNG\\merng\\functions\\132"}}
[debug] [2021-04-17T06:31:21.236Z] [worker-api-503c4d8e-3053-4561-83ba-1d287619def7]: BUSY {"metadata":{"emulator":{"name":"functions"},"message":"[worker-api-503c4d8e-3053-4561-83ba-1d287619def7]: BUSY"}}
[debug] [2021-04-17T06:31:21.438Z] [runtime-status] [132] Functions runtime initialized. {"cwd":"C:\\Users\\Sylvia\\Desktop\\MERNG\\merng\\functions","node_version":"14.16.0"} {"metadata":{"emulator":{"name":"functions"},"function":{"name":"api"},"message":"[runtime-status] [132] Functions runtime initialized. {\"cwd\":\"C:\\\\Users\\\\Sylvia\\\\Desktop\\\\MERNG\\\\merng\\\\functions\",\"node_version\":\"14.16.0\"}"}}
[debug] [2021-04-17T06:31:21.439Z] [runtime-status] [132] Disabled runtime features: undefined {"metadata":{"emulator":{"name":"functions"},"function":{"name":"api"},"message":"[runtime-status] [132] Disabled runtime features: undefined"}}
[debug] [2021-04-17T06:31:21.441Z] [runtime-status] [132] Resolved module firebase-admin {"declared":true,"installed":true,"version":"9.6.0","resolution":"C:\\Users\\Sylvia\\Desktop\\MERNG\\merng\\functions\\node_modules\\firebase-admin\\lib\\index.js"} {"metadata":{"emulator":{"name":"functions"},"function":{"name":"api"},"message":"[runtime-status] [132] Resolved module firebase-admin {\"declared\":true,\"installed\":true,\"version\":\"9.6.0\",\"resolution\":\"C:\\\\Users\\\\Sylvia\\\\Desktop\\\\MERNG\\\\merng\\\\functions\\\\node_modules\\\\firebase-admin\\\\lib\\\\index.js\"}"}}
[debug] [2021-04-17T06:31:21.442Z] [runtime-status] [132] Resolved module firebase-functions {"declared":true,"installed":true,"version":"3.13.2","resolution":"C:\\Users\\Sylvia\\Desktop\\MERNG\\merng\\functions\\node_modules\\firebase-functions\\lib\\index.js"} {"metadata":{"emulator":{"name":"functions"},"function":{"name":"api"},"message":"[runtime-status] [132] Resolved module firebase-functions {\"declared\":true,\"installed\":true,\"version\":\"3.13.2\",\"resolution\":\"C:\\\\Users\\\\Sylvia\\\\Desktop\\\\MERNG\\\\merng\\\\functions\\\\node_modules\\\\firebase-functions\\\\lib\\\\index.js\"}"}}
[debug] [2021-04-17T06:31:21.444Z] [runtime-status] [132] Resolved module firebase-functions {"declared":true,"installed":true,"version":"3.13.2","resolution":"C:\\Users\\Sylvia\\Desktop\\MERNG\\merng\\functions\\node_modules\\firebase-functions\\lib\\index.js"} {"metadata":{"emulator":{"name":"functions"},"function":{"name":"api"},"message":"[runtime-status] [132] Resolved module firebase-functions {\"declared\":true,\"installed\":true,\"version\":\"3.13.2\",\"resolution\":\"C:\\\\Users\\\\Sylvia\\\\Desktop\\\\MERNG\\\\merng\\\\functions\\\\node_modules\\\\firebase-functions\\\\lib\\\\index.js\"}"}}
[debug] [2021-04-17T06:31:21.445Z] [runtime-status] [132] Outgoing network have been stubbed. [{"name":"http","status":"mocked"},{"name":"http","status":"mocked"},{"name":"https","status":"mocked"},{"name":"https","status":"mocked"},{"name":"net","status":"mocked"}] {"metadata":{"emulator":{"name":"functions"},"function":{"name":"api"},"message":"[runtime-status] [132] Outgoing network have been stubbed. [{\"name\":\"http\",\"status\":\"mocked\"},{\"name\":\"http\",\"status\":\"mocked\"},{\"name\":\"https\",\"status\":\"mocked\"},{\"name\":\"https\",\"status\":\"mocked\"},{\"name\":\"net\",\"status\":\"mocked\"}]"}}
[debug] [2021-04-17T06:31:21.445Z] [runtime-status] [132] Resolved module firebase-functions {"declared":true,"installed":true,"version":"3.13.2","resolution":"C:\\Users\\Sylvia\\Desktop\\MERNG\\merng\\functions\\node_modules\\firebase-functions\\lib\\index.js"} {"metadata":{"emulator":{"name":"functions"},"function":{"name":"api"},"message":"[runtime-status] [132] Resolved module firebase-functions {\"declared\":true,\"installed\":true,\"version\":\"3.13.2\",\"resolution\":\"C:\\\\Users\\\\Sylvia\\\\Desktop\\\\MERNG\\\\merng\\\\functions\\\\node_modules\\\\firebase-functions\\\\lib\\\\index.js\"}"}}
[debug] [2021-04-17T06:31:21.485Z] [runtime-status] [132] Checked functions.config() {"config":{}} {"metadata":{"emulator":{"name":"functions"},"function":{"name":"api"},"message":"[runtime-status] [132] Checked functions.config() {\"config\":{}}"}}
[debug] [2021-04-17T06:31:21.485Z] [runtime-status] [132] firebase-functions has been stubbed. {"functionsResolution":{"declared":true,"installed":true,"version":"3.13.2","resolution":"C:\\Users\\Sylvia\\Desktop\\MERNG\\merng\\functions\\node_modules\\firebase-functions\\lib\\index.js"}} {"metadata":{"emulator":{"name":"functions"},"function":{"name":"api"},"message":"[runtime-status] [132] firebase-functions has been stubbed. {\"functionsResolution\":{\"declared\":true,\"installed\":true,\"version\":\"3.13.2\",\"resolution\":\"C:\\\\Users\\\\Sylvia\\\\Desktop\\\\MERNG\\\\merng\\\\functions\\\\node_modules\\\\firebase-functions\\\\lib\\\\index.js\"}}"}}
[debug] [2021-04-17T06:31:21.486Z] [runtime-status] [132] Resolved module firebase-functions {"declared":true,"installed":true,"version":"3.13.2","resolution":"C:\\Users\\Sylvia\\Desktop\\MERNG\\merng\\functions\\node_modules\\firebase-functions\\lib\\index.js"} {"metadata":{"emulator":{"name":"functions"},"function":{"name":"api"},"message":"[runtime-status] [132] Resolved module firebase-functions {\"declared\":true,\"installed\":true,\"version\":\"3.13.2\",\"resolution\":\"C:\\\\Users\\\\Sylvia\\\\Desktop\\\\MERNG\\\\merng\\\\functions\\\\node_modules\\\\firebase-functions\\\\lib\\\\index.js\"}"}}
[debug] [2021-04-17T06:31:21.486Z] [runtime-status] [132] Resolved module firebase-admin {"declared":true,"installed":true,"version":"9.6.0","resolution":"C:\\Users\\Sylvia\\Desktop\\MERNG\\merng\\functions\\node_modules\\firebase-admin\\lib\\index.js"} {"metadata":{"emulator":{"name":"functions"},"function":{"name":"api"},"message":"[runtime-status] [132] Resolved module firebase-admin {\"declared\":true,\"installed\":true,\"version\":\"9.6.0\",\"resolution\":\"C:\\\\Users\\\\Sylvia\\\\Desktop\\\\MERNG\\\\merng\\\\functions\\\\node_modules\\\\firebase-admin\\\\lib\\\\index.js\"}"}}
[debug] [2021-04-17T06:31:21.487Z] [runtime-status] [132] Resolved module firebase-functions {"declared":true,"installed":true,"version":"3.13.2","resolution":"C:\\Users\\Sylvia\\Desktop\\MERNG\\merng\\functions\\node_modules\\firebase-functions\\lib\\index.js"} {"metadata":{"emulator":{"name":"functions"},"function":{"name":"api"},"message":"[runtime-status] [132] Resolved module firebase-functions {\"declared\":true,\"installed\":true,\"version\":\"3.13.2\",\"resolution\":\"C:\\\\Users\\\\Sylvia\\\\Desktop\\\\MERNG\\\\merng\\\\functions\\\\node_modules\\\\firebase-functions\\\\lib\\\\index.js\"}"}}
[debug] [2021-04-17T06:31:21.487Z] [runtime-status] [132] firebase-admin has been stubbed. {"adminResolution":{"declared":true,"installed":true,"version":"9.6.0","resolution":"C:\\Users\\Sylvia\\Desktop\\MERNG\\merng\\functions\\node_modules\\firebase-admin\\lib\\index.js"}} {"metadata":{"emulator":{"name":"functions"},"function":{"name":"api"},"message":"[runtime-status] [132] firebase-admin has been stubbed. {\"adminResolution\":{\"declared\":true,\"installed\":true,\"version\":\"9.6.0\",\"resolution\":\"C:\\\\Users\\\\Sylvia\\\\Desktop\\\\MERNG\\\\merng\\\\functions\\\\node_modules\\\\firebase-admin\\\\lib\\\\index.js\"}}"}}
[debug] [2021-04-17T06:31:21.630Z] [runtime-status] [132] Trigger "api" has been found, beginning invocation! {"metadata":{"emulator":{"name":"functions"},"function":{"name":"api"},"message":"[runtime-status] [132] Trigger \"api\" has been found, beginning invocation!"}}
[info] i  functions: Beginning execution of "api" {"metadata":{"emulator":{"name":"functions"},"function":{"name":"api"},"message":"Beginning execution of \"api\""}}
[debug] [2021-04-17T06:31:21.631Z] [runtime-status] [132] triggerDefinition {"httpsTrigger":{},"name":"api","entryPoint":"api"} {"metadata":{"emulator":{"name":"functions"},"function":{"name":"api"},"message":"[runtime-status] [132] triggerDefinition {\"httpsTrigger\":{},\"name\":\"api\",\"entryPoint\":\"api\"}"}}
[debug] [2021-04-17T06:31:21.631Z] [runtime-status] [132] Running api in mode HTTPS {"metadata":{"emulator":{"name":"functions"},"function":{"name":"api"},"message":"[runtime-status] [132] Running api in mode HTTPS"}}
[debug] [2021-04-17T06:31:21.634Z] [runtime-status] [132] Attempting to listen to socketPath: \\?\pipe\C:\Users\Sylvia\Desktop\MERNG\merng\functions\132 {"metadata":{"emulator":{"name":"functions"},"function":{"name":"api"},"message":"[runtime-status] [132] Attempting to listen to socketPath: \\\\?\\pipe\\C:\\Users\\Sylvia\\Desktop\\MERNG\\merng\\functions\\132"}}
[debug] [2021-04-17T06:31:21.636Z] [functions] Runtime ready! Sending request! {"metadata":{"emulator":{"name":"functions"},"message":"[functions] Runtime ready! Sending request!"}}
[debug] [2021-04-17T06:31:21.637Z] [functions] Got req.url=/ecommerce-8713f/us-central1/api/payments/create, mapping to path=/payments/create {"metadata":{"emulator":{"name":"functions"},"message":"[functions] Got req.url=/ecommerce-8713f/us-central1/api/payments/create, mapping to path=/payments/create"}}
[debug] [2021-04-17T06:31:21.642Z] [runtime-status] [132] Ephemeral server handling OPTIONS request {"metadata":{"emulator":{"name":"functions"},"function":{"name":"api"},"message":"[runtime-status] [132] Ephemeral server handling OPTIONS request"}}
[debug] [2021-04-17T06:31:21.647Z] [runtime-status] [132] Ephemeral server survived. {"metadata":{"emulator":{"name":"functions"},"function":{"name":"api"},"message":"[runtime-status] [132] Ephemeral server survived."}}
[debug] [2021-04-17T06:31:21.650Z] [work-queue] {"queueLength":1,"workRunningCount":1}
[debug] [2021-04-17T06:31:21.650Z] [work-queue] {"queueLength":0,"workRunningCount":2}
[debug] [2021-04-17T06:31:21.650Z] Accepted request POST /ecommerce-8713f/us-central1/api/payments/create --> api
[debug] [2021-04-17T06:31:21.657Z] [worker-pool] addWorker(api) {"metadata":{"emulator":{"name":"functions"},"message":"[worker-pool] addWorker(api)"}}
[debug] [2021-04-17T06:31:21.657Z] [worker-pool] Adding worker with key api, total=2 {"metadata":{"emulator":{"name":"functions"},"message":"[worker-pool] Adding worker with key api, total=2"}}
[debug] [2021-04-17T06:31:21.657Z] [worker-pool] submitWork(triggerId=api) {"metadata":{"emulator":{"name":"functions"},"message":"[worker-pool] submitWork(triggerId=api)"}}
[debug] [2021-04-17T06:31:21.657Z] [worker-api-ccb90f4c-558b-4e2e-b3fd-6b2ce40e663b]: Assigning socketPath: \\?\pipe\C:\Users\Sylvia\Desktop\MERNG\merng\functions\17520 {"metadata":{"emulator":{"name":"functions"},"message":"[worker-api-ccb90f4c-558b-4e2e-b3fd-6b2ce40e663b]: Assigning socketPath: \\\\?\\pipe\\C:\\Users\\Sylvia\\Desktop\\MERNG\\merng\\functions\\17520"}}
[debug] [2021-04-17T06:31:21.657Z] [worker-api-ccb90f4c-558b-4e2e-b3fd-6b2ce40e663b]: BUSY {"metadata":{"emulator":{"name":"functions"},"message":"[worker-api-ccb90f4c-558b-4e2e-b3fd-6b2ce40e663b]: BUSY"}}
[info] i  functions: Finished "api" in ~1s {"metadata":{"emulator":{"name":"functions"},"function":{"name":"api"},"message":"Finished \"api\" in ~1s"}}
[debug] [2021-04-17T06:31:21.658Z] [worker-api-503c4d8e-3053-4561-83ba-1d287619def7]: IDLE {"metadata":{"emulator":{"name":"functions"},"message":"[worker-api-503c4d8e-3053-4561-83ba-1d287619def7]: IDLE"}}
[debug] [2021-04-17T06:31:21.659Z] [work-queue] {"queueLength":0,"workRunningCount":1}
[debug] [2021-04-17T06:31:21.853Z] [runtime-status] [17520] Functions runtime initialized. {"cwd":"C:\\Users\\Sylvia\\Desktop\\MERNG\\merng\\functions","node_version":"14.16.0"} {"metadata":{"emulator":{"name":"functions"},"function":{"name":"api"},"message":"[runtime-status] [17520] Functions runtime initialized. {\"cwd\":\"C:\\\\Users\\\\Sylvia\\\\Desktop\\\\MERNG\\\\merng\\\\functions\",\"node_version\":\"14.16.0\"}"}}
[debug] [2021-04-17T06:31:21.854Z] [runtime-status] [17520] Disabled runtime features: undefined {"metadata":{"emulator":{"name":"functions"},"function":{"name":"api"},"message":"[runtime-status] [17520] Disabled runtime features: undefined"}}
[debug] [2021-04-17T06:31:21.856Z] [runtime-status] [17520] Resolved module firebase-admin {"declared":true,"installed":true,"version":"9.6.0","resolution":"C:\\Users\\Sylvia\\Desktop\\MERNG\\merng\\functions\\node_modules\\firebase-admin\\lib\\index.js"} {"metadata":{"emulator":{"name":"functions"},"function":{"name":"api"},"message":"[runtime-status] [17520] Resolved module firebase-admin {\"declared\":true,\"installed\":true,\"version\":\"9.6.0\",\"resolution\":\"C:\\\\Users\\\\Sylvia\\\\Desktop\\\\MERNG\\\\merng\\\\functions\\\\node_modules\\\\firebase-admin\\\\lib\\\\index.js\"}"}}
[debug] [2021-04-17T06:31:21.858Z] [runtime-status] [17520] Resolved module firebase-functions {"declared":true,"installed":true,"version":"3.13.2","resolution":"C:\\Users\\Sylvia\\Desktop\\MERNG\\merng\\functions\\node_modules\\firebase-functions\\lib\\index.js"} {"metadata":{"emulator":{"name":"functions"},"function":{"name":"api"},"message":"[runtime-status] [17520] Resolved module firebase-functions {\"declared\":true,\"installed\":true,\"version\":\"3.13.2\",\"resolution\":\"C:\\\\Users\\\\Sylvia\\\\Desktop\\\\MERNG\\\\merng\\\\functions\\\\node_modules\\\\firebase-functions\\\\lib\\\\index.js\"}"}}
[debug] [2021-04-17T06:31:21.859Z] [runtime-status] [17520] Resolved module firebase-functions {"declared":true,"installed":true,"version":"3.13.2","resolution":"C:\\Users\\Sylvia\\Desktop\\MERNG\\merng\\functions\\node_modules\\firebase-functions\\lib\\index.js"} {"metadata":{"emulator":{"name":"functions"},"function":{"name":"api"},"message":"[runtime-status] [17520] Resolved module firebase-functions {\"declared\":true,\"installed\":true,\"version\":\"3.13.2\",\"resolution\":\"C:\\\\Users\\\\Sylvia\\\\Desktop\\\\MERNG\\\\merng\\\\functions\\\\node_modules\\\\firebase-functions\\\\lib\\\\index.js\"}"}}
[debug] [2021-04-17T06:31:21.860Z] [runtime-status] [17520] Outgoing network have been stubbed. [{"name":"http","status":"mocked"},{"name":"http","status":"mocked"},{"name":"https","status":"mocked"},{"name":"https","status":"mocked"},{"name":"net","status":"mocked"}] {"metadata":{"emulator":{"name":"functions"},"function":{"name":"api"},"message":"[runtime-status] [17520] Outgoing network have been stubbed. [{\"name\":\"http\",\"status\":\"mocked\"},{\"name\":\"http\",\"status\":\"mocked\"},{\"name\":\"https\",\"status\":\"mocked\"},{\"name\":\"https\",\"status\":\"mocked\"},{\"name\":\"net\",\"status\":\"mocked\"}]"}}
[debug] [2021-04-17T06:31:21.861Z] [runtime-status] [17520] Resolved module firebase-functions {"declared":true,"installed":true,"version":"3.13.2","resolution":"C:\\Users\\Sylvia\\Desktop\\MERNG\\merng\\functions\\node_modules\\firebase-functions\\lib\\index.js"} {"metadata":{"emulator":{"name":"functions"},"function":{"name":"api"},"message":"[runtime-status] [17520] Resolved module firebase-functions {\"declared\":true,\"installed\":true,\"version\":\"3.13.2\",\"resolution\":\"C:\\\\Users\\\\Sylvia\\\\Desktop\\\\MERNG\\\\merng\\\\functions\\\\node_modules\\\\firebase-functions\\\\lib\\\\index.js\"}"}}
[debug] [2021-04-17T06:31:21.899Z] [runtime-status] [17520] Checked functions.config() {"config":{}} {"metadata":{"emulator":{"name":"functions"},"function":{"name":"api"},"message":"[runtime-status] [17520] Checked functions.config() {\"config\":{}}"}}
[debug] [2021-04-17T06:31:21.899Z] [runtime-status] [17520] firebase-functions has been stubbed. {"functionsResolution":{"declared":true,"installed":true,"version":"3.13.2","resolution":"C:\\Users\\Sylvia\\Desktop\\MERNG\\merng\\functions\\node_modules\\firebase-functions\\lib\\index.js"}} {"metadata":{"emulator":{"name":"functions"},"function":{"name":"api"},"message":"[runtime-status] [17520] firebase-functions has been stubbed. {\"functionsResolution\":{\"declared\":true,\"installed\":true,\"version\":\"3.13.2\",\"resolution\":\"C:\\\\Users\\\\Sylvia\\\\Desktop\\\\MERNG\\\\merng\\\\functions\\\\node_modules\\\\firebase-functions\\\\lib\\\\index.js\"}}"}}
[debug] [2021-04-17T06:31:21.899Z] [runtime-status] [17520] Resolved module firebase-functions {"declared":true,"installed":true,"version":"3.13.2","resolution":"C:\\Users\\Sylvia\\Desktop\\MERNG\\merng\\functions\\node_modules\\firebase-functions\\lib\\index.js"} {"metadata":{"emulator":{"name":"functions"},"function":{"name":"api"},"message":"[runtime-status] [17520] Resolved module firebase-functions {\"declared\":true,\"installed\":true,\"version\":\"3.13.2\",\"resolution\":\"C:\\\\Users\\\\Sylvia\\\\Desktop\\\\MERNG\\\\merng\\\\functions\\\\node_modules\\\\firebase-functions\\\\lib\\\\index.js\"}"}}
[debug] [2021-04-17T06:31:21.900Z] [runtime-status] [17520] Resolved module firebase-admin {"declared":true,"installed":true,"version":"9.6.0","resolution":"C:\\Users\\Sylvia\\Desktop\\MERNG\\merng\\functions\\node_modules\\firebase-admin\\lib\\index.js"} {"metadata":{"emulator":{"name":"functions"},"function":{"name":"api"},"message":"[runtime-status] [17520] Resolved module firebase-admin {\"declared\":true,\"installed\":true,\"version\":\"9.6.0\",\"resolution\":\"C:\\\\Users\\\\Sylvia\\\\Desktop\\\\MERNG\\\\merng\\\\functions\\\\node_modules\\\\firebase-admin\\\\lib\\\\index.js\"}"}}
[debug] [2021-04-17T06:31:21.901Z] [runtime-status] [17520] Resolved module firebase-functions {"declared":true,"installed":true,"version":"3.13.2","resolution":"C:\\Users\\Sylvia\\Desktop\\MERNG\\merng\\functions\\node_modules\\firebase-functions\\lib\\index.js"} {"metadata":{"emulator":{"name":"functions"},"function":{"name":"api"},"message":"[runtime-status] [17520] Resolved module firebase-functions {\"declared\":true,\"installed\":true,\"version\":\"3.13.2\",\"resolution\":\"C:\\\\Users\\\\Sylvia\\\\Desktop\\\\MERNG\\\\merng\\\\functions\\\\node_modules\\\\firebase-functions\\\\lib\\\\index.js\"}"}}
[debug] [2021-04-17T06:31:21.901Z] [runtime-status] [17520] firebase-admin has been stubbed. {"adminResolution":{"declared":true,"installed":true,"version":"9.6.0","resolution":"C:\\Users\\Sylvia\\Desktop\\MERNG\\merng\\functions\\node_modules\\firebase-admin\\lib\\index.js"}} {"metadata":{"emulator":{"name":"functions"},"function":{"name":"api"},"message":"[runtime-status] [17520] firebase-admin has been stubbed. {\"adminResolution\":{\"declared\":true,\"installed\":true,\"version\":\"9.6.0\",\"resolution\":\"C:\\\\Users\\\\Sylvia\\\\Desktop\\\\MERNG\\\\merng\\\\functions\\\\node_modules\\\\firebase-admin\\\\lib\\\\index.js\"}}"}}
[debug] [2021-04-17T06:31:22.041Z] [runtime-status] [17520] Trigger "api" has been found, beginning invocation! {"metadata":{"emulator":{"name":"functions"},"function":{"name":"api"},"message":"[runtime-status] [17520] Trigger \"api\" has been found, beginning invocation!"}}
[info] i  functions: Beginning execution of "api" {"metadata":{"emulator":{"name":"functions"},"function":{"name":"api"},"message":"Beginning execution of \"api\""}}
[debug] [2021-04-17T06:31:22.042Z] [runtime-status] [17520] triggerDefinition {"httpsTrigger":{},"name":"api","entryPoint":"api"} {"metadata":{"emulator":{"name":"functions"},"function":{"name":"api"},"message":"[runtime-status] [17520] triggerDefinition {\"httpsTrigger\":{},\"name\":\"api\",\"entryPoint\":\"api\"}"}}
[debug] [2021-04-17T06:31:22.042Z] [runtime-status] [17520] Running api in mode HTTPS {"metadata":{"emulator":{"name":"functions"},"function":{"name":"api"},"message":"[runtime-status] [17520] Running api in mode HTTPS"}}
[debug] [2021-04-17T06:31:22.045Z] [runtime-status] [17520] Attempting to listen to socketPath: \\?\pipe\C:\Users\Sylvia\Desktop\MERNG\merng\functions\17520 {"metadata":{"emulator":{"name":"functions"},"function":{"name":"api"},"message":"[runtime-status] [17520] Attempting to listen to socketPath: \\\\?\\pipe\\C:\\Users\\Sylvia\\Desktop\\MERNG\\merng\\functions\\17520"}}
[debug] [2021-04-17T06:31:22.047Z] [functions] Runtime ready! Sending request! {"metadata":{"emulator":{"name":"functions"},"message":"[functions] Runtime ready! Sending request!"}}
[debug] [2021-04-17T06:31:22.047Z] [functions] Got req.url=/ecommerce-8713f/us-central1/api/payments/create, mapping to path=/payments/create {"metadata":{"emulator":{"name":"functions"},"message":"[functions] Got req.url=/ecommerce-8713f/us-central1/api/payments/create, mapping to path=/payments/create"}}
[debug] [2021-04-17T06:31:22.065Z] [runtime-status] [17520] Ephemeral server handling POST request {"metadata":{"emulator":{"name":"functions"},"function":{"name":"api"},"message":"[runtime-status] [17520] Ephemeral server handling POST request"}}
[debug] [2021-04-17T06:31:22.076Z] [runtime-status] [17520] Ephemeral server survived. {"metadata":{"emulator":{"name":"functions"},"function":{"name":"api"},"message":"[runtime-status] [17520] Ephemeral server survived."}}
[info] i  functions: Finished "api" in ~1s {"metadata":{"emulator":{"name":"functions"},"function":{"name":"api"},"message":"Finished \"api\" in ~1s"}}
[debug] [2021-04-17T06:31:22.984Z] [worker-api-ccb90f4c-558b-4e2e-b3fd-6b2ce40e663b]: IDLE {"metadata":{"emulator":{"name":"functions"},"message":"[worker-api-ccb90f4c-558b-4e2e-b3fd-6b2ce40e663b]: IDLE"}}
[debug] [2021-04-17T06:31:22.984Z] [work-queue] {"queueLength":0,"workRunningCount":0}
[debug] [2021-04-17T06:34:41.176Z] [work-queue] {"queueLength":1,"workRunningCount":0}
[debug] [2021-04-17T06:34:41.176Z] [work-queue] {"queueLength":0,"workRunningCount":1}
[debug] [2021-04-17T06:34:41.176Z] Accepted request OPTIONS /ecommerce-8713f/us-central1/api/payments/create --> api
[debug] [2021-04-17T06:34:41.177Z] [worker-pool] submitWork(triggerId=api) {"metadata":{"emulator":{"name":"functions"},"message":"[worker-pool] submitWork(triggerId=api)"}}
[debug] [2021-04-17T06:34:41.177Z] [worker-api-503c4d8e-3053-4561-83ba-1d287619def7]: Assigning socketPath: \\?\pipe\C:\Users\Sylvia\Desktop\MERNG\merng\functions\132 {"metadata":{"emulator":{"name":"functions"},"message":"[worker-api-503c4d8e-3053-4561-83ba-1d287619def7]: Assigning socketPath: \\\\?\\pipe\\C:\\Users\\Sylvia\\Desktop\\MERNG\\merng\\functions\\132"}}
[debug] [2021-04-17T06:34:41.177Z] [worker-api-503c4d8e-3053-4561-83ba-1d287619def7]: BUSY {"metadata":{"emulator":{"name":"functions"},"message":"[worker-api-503c4d8e-3053-4561-83ba-1d287619def7]: BUSY"}}
[debug] [2021-04-17T06:34:41.177Z] [runtime-status] [132] Trigger "api" has been found, beginning invocation! {"metadata":{"emulator":{"name":"functions"},"function":{"name":"api"},"message":"[runtime-status] [132] Trigger \"api\" has been found, beginning invocation!"}}
[info] i  functions: Beginning execution of "api" {"metadata":{"emulator":{"name":"functions"},"function":{"name":"api"},"message":"Beginning execution of \"api\""}}
[debug] [2021-04-17T06:34:41.178Z] [runtime-status] [132] triggerDefinition {"httpsTrigger":{},"name":"api","entryPoint":"api"} {"metadata":{"emulator":{"name":"functions"},"function":{"name":"api"},"message":"[runtime-status] [132] triggerDefinition {\"httpsTrigger\":{},\"name\":\"api\",\"entryPoint\":\"api\"}"}}
[debug] [2021-04-17T06:34:41.179Z] [runtime-status] [132] Running api in mode HTTPS {"metadata":{"emulator":{"name":"functions"},"function":{"name":"api"},"message":"[runtime-status] [132] Running api in mode HTTPS"}}
[debug] [2021-04-17T06:34:41.179Z] [runtime-status] [132] Attempting to listen to socketPath: \\?\pipe\C:\Users\Sylvia\Desktop\MERNG\merng\functions\132 {"metadata":{"emulator":{"name":"functions"},"function":{"name":"api"},"message":"[runtime-status] [132] Attempting to listen to socketPath: \\\\?\\pipe\\C:\\Users\\Sylvia\\Desktop\\MERNG\\merng\\functions\\132"}}
[debug] [2021-04-17T06:34:41.179Z] [functions] Runtime ready! Sending request! {"metadata":{"emulator":{"name":"functions"},"message":"[functions] Runtime ready! Sending request!"}}
[debug] [2021-04-17T06:34:41.179Z] [functions] Got req.url=/ecommerce-8713f/us-central1/api/payments/create, mapping to path=/payments/create {"metadata":{"emulator":{"name":"functions"},"message":"[functions] Got req.url=/ecommerce-8713f/us-central1/api/payments/create, mapping to path=/payments/create"}}
[debug] [2021-04-17T06:34:41.181Z] [runtime-status] [132] Ephemeral server handling OPTIONS request {"metadata":{"emulator":{"name":"functions"},"function":{"name":"api"},"message":"[runtime-status] [132] Ephemeral server handling OPTIONS request"}}
[debug] [2021-04-17T06:34:41.181Z] [runtime-status] [132] Ephemeral server survived. {"metadata":{"emulator":{"name":"functions"},"function":{"name":"api"},"message":"[runtime-status] [132] Ephemeral server survived."}}
[info] i  functions: Finished "api" in ~1s {"metadata":{"emulator":{"name":"functions"},"function":{"name":"api"},"message":"Finished \"api\" in ~1s"}}
[debug] [2021-04-17T06:34:41.183Z] [worker-api-503c4d8e-3053-4561-83ba-1d287619def7]: IDLE {"metadata":{"emulator":{"name":"functions"},"message":"[worker-api-503c4d8e-3053-4561-83ba-1d287619def7]: IDLE"}}
[debug] [2021-04-17T06:34:41.183Z] [work-queue] {"queueLength":0,"workRunningCount":0}
[debug] [2021-04-17T06:34:41.184Z] [work-queue] {"queueLength":1,"workRunningCount":0}
[debug] [2021-04-17T06:34:41.184Z] [work-queue] {"queueLength":0,"workRunningCount":1}
[debug] [2021-04-17T06:34:41.185Z] Accepted request POST /ecommerce-8713f/us-central1/api/payments/create --> api
[debug] [2021-04-17T06:34:41.185Z] [worker-pool] submitWork(triggerId=api) {"metadata":{"emulator":{"name":"functions"},"message":"[worker-pool] submitWork(triggerId=api)"}}
[debug] [2021-04-17T06:34:41.185Z] [worker-api-503c4d8e-3053-4561-83ba-1d287619def7]: Assigning socketPath: \\?\pipe\C:\Users\Sylvia\Desktop\MERNG\merng\functions\132 {"metadata":{"emulator":{"name":"functions"},"message":"[worker-api-503c4d8e-3053-4561-83ba-1d287619def7]: Assigning socketPath: \\\\?\\pipe\\C:\\Users\\Sylvia\\Desktop\\MERNG\\merng\\functions\\132"}}
[debug] [2021-04-17T06:34:41.185Z] [worker-api-503c4d8e-3053-4561-83ba-1d287619def7]: BUSY {"metadata":{"emulator":{"name":"functions"},"message":"[worker-api-503c4d8e-3053-4561-83ba-1d287619def7]: BUSY"}}
[debug] [2021-04-17T06:34:41.203Z] [runtime-status] [132] Trigger "api" has been found, beginning invocation! {"metadata":{"emulator":{"name":"functions"},"function":{"name":"api"},"message":"[runtime-status] [132] Trigger \"api\" has been found, beginning invocation!"}}
[info] i  functions: Beginning execution of "api" {"metadata":{"emulator":{"name":"functions"},"function":{"name":"api"},"message":"Beginning execution of \"api\""}}
[debug] [2021-04-17T06:34:41.204Z] [runtime-status] [132] triggerDefinition {"httpsTrigger":{},"name":"api","entryPoint":"api"} {"metadata":{"emulator":{"name":"functions"},"function":{"name":"api"},"message":"[runtime-status] [132] triggerDefinition {\"httpsTrigger\":{},\"name\":\"api\",\"entryPoint\":\"api\"}"}}
[debug] [2021-04-17T06:34:41.205Z] [runtime-status] [132] Running api in mode HTTPS {"metadata":{"emulator":{"name":"functions"},"function":{"name":"api"},"message":"[runtime-status] [132] Running api in mode HTTPS"}}
[debug] [2021-04-17T06:34:41.205Z] [runtime-status] [132] Attempting to listen to socketPath: \\?\pipe\C:\Users\Sylvia\Desktop\MERNG\merng\functions\132 {"metadata":{"emulator":{"name":"functions"},"function":{"name":"api"},"message":"[runtime-status] [132] Attempting to listen to socketPath: \\\\?\\pipe\\C:\\Users\\Sylvia\\Desktop\\MERNG\\merng\\functions\\132"}}
[debug] [2021-04-17T06:34:41.205Z] [functions] Runtime ready! Sending request! {"metadata":{"emulator":{"name":"functions"},"message":"[functions] Runtime ready! Sending request!"}}
[debug] [2021-04-17T06:34:41.206Z] [functions] Got req.url=/ecommerce-8713f/us-central1/api/payments/create, mapping to path=/payments/create {"metadata":{"emulator":{"name":"functions"},"message":"[functions] Got req.url=/ecommerce-8713f/us-central1/api/payments/create, mapping to path=/payments/create"}}
[debug] [2021-04-17T06:34:41.220Z] [runtime-status] [132] Ephemeral server handling POST request {"metadata":{"emulator":{"name":"functions"},"function":{"name":"api"},"message":"[runtime-status] [132] Ephemeral server handling POST request"}}
[debug] [2021-04-17T06:34:41.230Z] [runtime-status] [132] Ephemeral server survived. {"metadata":{"emulator":{"name":"functions"},"function":{"name":"api"},"message":"[runtime-status] [132] Ephemeral server survived."}}
[info] i  functions: Finished "api" in ~1s {"metadata":{"emulator":{"name":"functions"},"function":{"name":"api"},"message":"Finished \"api\" in ~1s"}}
[debug] [2021-04-17T06:34:41.928Z] [worker-api-503c4d8e-3053-4561-83ba-1d287619def7]: IDLE {"metadata":{"emulator":{"name":"functions"},"message":"[worker-api-503c4d8e-3053-4561-83ba-1d287619def7]: IDLE"}}
[debug] [2021-04-17T06:34:41.929Z] [work-queue] {"queueLength":0,"workRunningCount":0}
